<?xml version="1.0" encoding="UTF-8"?>
<coverage generated="1747520778">
  <project timestamp="1747520778">
    <file name="D:\GitHub\billet-jo\app\Enums\PaymentMethod.php">
      <metrics loc="11" ncloc="11" classes="0" methods="0" coveredmethods="0" conditionals="0" coveredconditionals="0" statements="0" coveredstatements="0" elements="0" coveredelements="0"/>
    </file>
    <file name="D:\GitHub\billet-jo\app\Enums\PaymentStatus.php">
      <metrics loc="12" ncloc="12" classes="0" methods="0" coveredmethods="0" conditionals="0" coveredconditionals="0" statements="0" coveredstatements="0" elements="0" coveredelements="0"/>
    </file>
    <file name="D:\GitHub\billet-jo\app\Enums\TicketStatus.php">
      <metrics loc="12" ncloc="12" classes="0" methods="0" coveredmethods="0" conditionals="0" coveredconditionals="0" statements="0" coveredstatements="0" elements="0" coveredelements="0"/>
    </file>
    <package name="App\Enums">
      <file name="D:\GitHub\billet-jo\app\Enums\UserRole.php">
        <class name="App\Enums\UserRole" namespace="App\Enums">
          <metrics complexity="3" methods="3" coveredmethods="3" conditionals="0" coveredconditionals="0" statements="3" coveredstatements="3" elements="6" coveredelements="6"/>
        </class>
        <line num="16" type="method" name="isAdmin" visibility="public" complexity="1" crap="1" count="51"/>
        <line num="18" type="stmt" count="51"/>
        <line num="26" type="method" name="isEmployee" visibility="public" complexity="1" crap="1" count="4"/>
        <line num="28" type="stmt" count="4"/>
        <line num="36" type="method" name="isUser" visibility="public" complexity="1" crap="1" count="1"/>
        <line num="38" type="stmt" count="1"/>
        <metrics loc="41" ncloc="26" classes="1" methods="3" coveredmethods="3" conditionals="0" coveredconditionals="0" statements="3" coveredstatements="3" elements="6" coveredelements="6"/>
      </file>
    </package>
    <package name="App\Events">
      <file name="D:\GitHub\billet-jo\app\Events\InvoiceRequested.php">
        <class name="App\Events\InvoiceRequested" namespace="App\Events">
          <metrics complexity="2" methods="2" coveredmethods="2" conditionals="0" coveredconditionals="0" statements="5" coveredstatements="5" elements="7" coveredelements="7"/>
        </class>
        <line num="24" type="method" name="__construct" visibility="public" complexity="1" crap="1" count="5"/>
        <line num="26" type="stmt" count="5"/>
        <line num="27" type="stmt" count="5"/>
        <line num="35" type="method" name="broadcastOn" visibility="public" complexity="1" crap="1" count="1"/>
        <line num="37" type="stmt" count="1"/>
        <line num="38" type="stmt" count="1"/>
        <line num="39" type="stmt" count="1"/>
        <metrics loc="42" ncloc="34" classes="1" methods="2" coveredmethods="2" conditionals="0" coveredconditionals="0" statements="5" coveredstatements="5" elements="7" coveredelements="7"/>
      </file>
      <file name="D:\GitHub\billet-jo\app\Events\PaymentSucceeded.php">
        <class name="App\Events\PaymentSucceeded" namespace="App\Events">
          <metrics complexity="2" methods="2" coveredmethods="2" conditionals="0" coveredconditionals="0" statements="5" coveredstatements="5" elements="7" coveredelements="7"/>
        </class>
        <line num="20" type="method" name="__construct" visibility="public" complexity="1" crap="1" count="4"/>
        <line num="22" type="stmt" count="4"/>
        <line num="23" type="stmt" count="4"/>
        <line num="31" type="method" name="broadcastOn" visibility="public" complexity="1" crap="1" count="1"/>
        <line num="33" type="stmt" count="1"/>
        <line num="34" type="stmt" count="1"/>
        <line num="35" type="stmt" count="1"/>
        <metrics loc="38" ncloc="30" classes="1" methods="2" coveredmethods="2" conditionals="0" coveredconditionals="0" statements="5" coveredstatements="5" elements="7" coveredelements="7"/>
      </file>
    </package>
    <package name="App\Exceptions\Auth">
      <file name="D:\GitHub\billet-jo\app\Exceptions\Auth\AlreadyVerifiedException.php">
        <class name="App\Exceptions\Auth\AlreadyVerifiedException" namespace="App\Exceptions\Auth">
          <metrics complexity="1" methods="1" coveredmethods="1" conditionals="0" coveredconditionals="0" statements="1" coveredstatements="1" elements="2" coveredelements="2"/>
        </class>
        <line num="11" type="method" name="getErrorCode" visibility="public" complexity="1" crap="1" count="1"/>
        <line num="13" type="stmt" count="1"/>
        <metrics loc="16" ncloc="16" classes="1" methods="1" coveredmethods="1" conditionals="0" coveredconditionals="0" statements="1" coveredstatements="1" elements="2" coveredelements="2"/>
      </file>
      <file name="D:\GitHub\billet-jo\app\Exceptions\Auth\EmailUpdateNotFoundException.php">
        <class name="App\Exceptions\Auth\EmailUpdateNotFoundException" namespace="App\Exceptions\Auth">
          <metrics complexity="1" methods="1" coveredmethods="1" conditionals="0" coveredconditionals="0" statements="1" coveredstatements="1" elements="2" coveredelements="2"/>
        </class>
        <line num="10" type="method" name="getErrorCode" visibility="public" complexity="1" crap="1" count="1"/>
        <metrics loc="12" ncloc="12" classes="1" methods="1" coveredmethods="1" conditionals="0" coveredconditionals="0" statements="1" coveredstatements="1" elements="2" coveredelements="2"/>
      </file>
      <file name="D:\GitHub\billet-jo\app\Exceptions\Auth\InvalidVerificationLinkException.php">
        <class name="App\Exceptions\Auth\InvalidVerificationLinkException" namespace="App\Exceptions\Auth">
          <metrics complexity="1" methods="1" coveredmethods="1" conditionals="0" coveredconditionals="0" statements="1" coveredstatements="1" elements="2" coveredelements="2"/>
        </class>
        <line num="11" type="method" name="getErrorCode" visibility="public" complexity="1" crap="1" count="1"/>
        <line num="13" type="stmt" count="1"/>
        <metrics loc="16" ncloc="16" classes="1" methods="1" coveredmethods="1" conditionals="0" coveredconditionals="0" statements="1" coveredstatements="1" elements="2" coveredelements="2"/>
      </file>
      <file name="D:\GitHub\billet-jo\app\Exceptions\Auth\MissingVerificationTokenException.php">
        <class name="App\Exceptions\Auth\MissingVerificationTokenException" namespace="App\Exceptions\Auth">
          <metrics complexity="1" methods="1" coveredmethods="1" conditionals="0" coveredconditionals="0" statements="1" coveredstatements="1" elements="2" coveredelements="2"/>
        </class>
        <line num="10" type="method" name="getErrorCode" visibility="public" complexity="1" crap="1" count="1"/>
        <metrics loc="12" ncloc="12" classes="1" methods="1" coveredmethods="1" conditionals="0" coveredconditionals="0" statements="1" coveredstatements="1" elements="2" coveredelements="2"/>
      </file>
      <file name="D:\GitHub\billet-jo\app\Exceptions\Auth\UserNotFoundException.php">
        <class name="App\Exceptions\Auth\UserNotFoundException" namespace="App\Exceptions\Auth">
          <metrics complexity="1" methods="1" coveredmethods="1" conditionals="0" coveredconditionals="0" statements="1" coveredstatements="1" elements="2" coveredelements="2"/>
        </class>
        <line num="14" type="method" name="getErrorCode" visibility="public" complexity="1" crap="1" count="1"/>
        <line num="16" type="stmt" count="1"/>
        <metrics loc="19" ncloc="16" classes="1" methods="1" coveredmethods="1" conditionals="0" coveredconditionals="0" statements="1" coveredstatements="1" elements="2" coveredelements="2"/>
      </file>
    </package>
    <package name="App\Exceptions">
      <file name="D:\GitHub\billet-jo\app\Exceptions\StockUnavailableException.php">
        <class name="App\Exceptions\StockUnavailableException" namespace="App\Exceptions">
          <metrics complexity="1" methods="1" coveredmethods="1" conditionals="0" coveredconditionals="0" statements="2" coveredstatements="2" elements="3" coveredelements="3"/>
        </class>
        <line num="14" type="method" name="__construct" visibility="public" complexity="1" crap="1" count="5"/>
        <line num="16" type="stmt" count="5"/>
        <line num="17" type="stmt" count="5"/>
        <metrics loc="20" ncloc="17" classes="1" methods="1" coveredmethods="1" conditionals="0" coveredconditionals="0" statements="2" coveredstatements="2" elements="3" coveredelements="3"/>
      </file>
      <file name="D:\GitHub\billet-jo\app\Exceptions\TicketAlreadyProcessedException.php">
        <class name="App\Exceptions\TicketAlreadyProcessedException" namespace="App\Exceptions">
          <metrics complexity="1" methods="1" coveredmethods="1" conditionals="0" coveredconditionals="0" statements="2" coveredstatements="2" elements="3" coveredelements="3"/>
        </class>
        <line num="12" type="method" name="__construct" visibility="public" complexity="1" crap="1" count="1"/>
        <line num="15" type="stmt" count="1"/>
        <line num="16" type="stmt" count="1"/>
        <metrics loc="19" ncloc="18" classes="1" methods="1" coveredmethods="1" conditionals="0" coveredconditionals="0" statements="2" coveredstatements="2" elements="3" coveredelements="3"/>
      </file>
    </package>
    <package name="App\Helpers">
      <file name="D:\GitHub\billet-jo\app\Helpers\EmailHelper.php">
        <class name="App\Helpers\EmailHelper" namespace="App\Helpers">
          <metrics complexity="3" methods="3" coveredmethods="3" conditionals="0" coveredconditionals="0" statements="8" coveredstatements="8" elements="11" coveredelements="11"/>
        </class>
        <line num="15" type="method" name="hashToken" visibility="public" complexity="1" crap="1" count="10"/>
        <line num="17" type="stmt" count="10"/>
        <line num="18" type="stmt" count="10"/>
        <line num="28" type="method" name="verifyToken" visibility="public" complexity="1" crap="1" count="4"/>
        <line num="30" type="stmt" count="4"/>
        <line num="31" type="stmt" count="4"/>
        <line num="32" type="stmt" count="4"/>
        <line num="41" type="method" name="makeTokenPair" visibility="public" complexity="1" crap="1" count="3"/>
        <line num="43" type="stmt" count="3"/>
        <line num="44" type="stmt" count="3"/>
        <line num="45" type="stmt" count="3"/>
        <metrics loc="49" ncloc="30" classes="1" methods="3" coveredmethods="3" conditionals="0" coveredconditionals="0" statements="8" coveredstatements="8" elements="11" coveredelements="11"/>
      </file>
    </package>
    <package name="App\Http\Controllers\Api">
      <file name="D:\GitHub\billet-jo\app\Http\Controllers\Api\CartController.php">
        <class name="App\Http\Controllers\Api\CartController" namespace="App\Http\Controllers\Api">
          <metrics complexity="11" methods="4" coveredmethods="4" conditionals="0" coveredconditionals="0" statements="59" coveredstatements="59" elements="63" coveredelements="63"/>
        </class>
        <line num="19" type="method" name="__construct" visibility="public" complexity="1" crap="1" count="8"/>
        <line num="21" type="stmt" count="8"/>
        <line num="103" type="method" name="show" visibility="public" complexity="4" crap="4" count="5"/>
        <line num="105" type="stmt" count="5"/>
        <line num="107" type="stmt" count="5"/>
        <line num="109" type="stmt" count="1"/>
        <line num="111" type="stmt" count="1"/>
        <line num="112" type="stmt" count="1"/>
        <line num="113" type="stmt" count="1"/>
        <line num="117" type="stmt" count="4"/>
        <line num="118" type="stmt" count="4"/>
        <line num="119" type="stmt" count="4"/>
        <line num="121" type="stmt" count="4"/>
        <line num="122" type="stmt" count="3"/>
        <line num="123" type="stmt" count="3"/>
        <line num="124" type="stmt" count="3"/>
        <line num="125" type="stmt" count="3"/>
        <line num="126" type="stmt" count="3"/>
        <line num="127" type="stmt" count="3"/>
        <line num="129" type="stmt" count="3"/>
        <line num="130" type="stmt" count="3"/>
        <line num="131" type="stmt" count="3"/>
        <line num="132" type="stmt" count="3"/>
        <line num="133" type="stmt" count="3"/>
        <line num="134" type="stmt" count="3"/>
        <line num="135" type="stmt" count="3"/>
        <line num="136" type="stmt" count="3"/>
        <line num="137" type="stmt" count="3"/>
        <line num="138" type="stmt" count="3"/>
        <line num="139" type="stmt" count="3"/>
        <line num="140" type="stmt" count="3"/>
        <line num="141" type="stmt" count="3"/>
        <line num="142" type="stmt" count="3"/>
        <line num="143" type="stmt" count="3"/>
        <line num="144" type="stmt" count="3"/>
        <line num="145" type="stmt" count="3"/>
        <line num="146" type="stmt" count="3"/>
        <line num="147" type="stmt" count="4"/>
        <line num="149" type="stmt" count="4"/>
        <line num="150" type="stmt" count="4"/>
        <line num="151" type="stmt" count="4"/>
        <line num="152" type="stmt" count="4"/>
        <line num="153" type="stmt" count="4"/>
        <line num="154" type="stmt" count="4"/>
        <line num="155" type="stmt" count="4"/>
        <line num="156" type="stmt" count="4"/>
        <line num="216" type="method" name="updateItem" visibility="public" complexity="5" crap="5" count="3"/>
        <line num="218" type="stmt" count="3"/>
        <line num="219" type="stmt" count="3"/>
        <line num="222" type="stmt" count="3"/>
        <line num="223" type="stmt" count="3"/>
        <line num="225" type="stmt" count="2"/>
        <line num="228" type="stmt" count="1"/>
        <line num="229" type="stmt" count="1"/>
        <line num="232" type="stmt" count="3"/>
        <line num="234" type="stmt" count="3"/>
        <line num="235" type="stmt" count="2"/>
        <line num="236" type="stmt" count="2"/>
        <line num="237" type="stmt" count="2"/>
        <line num="241" type="stmt" count="3"/>
        <line num="268" type="method" name="clearCart" visibility="public" complexity="1" crap="1" count="1"/>
        <line num="271" type="stmt" count="1"/>
        <line num="273" type="stmt" count="1"/>
        <metrics loc="276" ncloc="109" classes="1" methods="4" coveredmethods="4" conditionals="0" coveredconditionals="0" statements="59" coveredstatements="59" elements="63" coveredelements="63"/>
      </file>
      <file name="D:\GitHub\billet-jo\app\Http\Controllers\Api\InvoiceController.php">
        <class name="App\Http\Controllers\Api\InvoiceController" namespace="App\Http\Controllers\Api">
          <metrics complexity="9" methods="3" coveredmethods="3" conditionals="0" coveredconditionals="0" statements="64" coveredstatements="64" elements="67" coveredelements="67"/>
        </class>
        <line num="102" type="method" name="index" visibility="public" complexity="4" crap="4" count="4"/>
        <line num="104" type="stmt" count="4"/>
        <line num="105" type="stmt" count="4"/>
        <line num="106" type="stmt" count="4"/>
        <line num="107" type="stmt" count="4"/>
        <line num="108" type="stmt" count="4"/>
        <line num="110" type="stmt" count="4"/>
        <line num="112" type="stmt" count="4"/>
        <line num="113" type="stmt" count="1"/>
        <line num="115" type="stmt" count="4"/>
        <line num="116" type="stmt" count="1"/>
        <line num="118" type="stmt" count="4"/>
        <line num="119" type="stmt" count="1"/>
        <line num="122" type="stmt" count="4"/>
        <line num="123" type="stmt" count="4"/>
        <line num="124" type="stmt" count="4"/>
        <line num="126" type="stmt" count="4"/>
        <line num="127" type="stmt" count="4"/>
        <line num="128" type="stmt" count="4"/>
        <line num="129" type="stmt" count="4"/>
        <line num="130" type="stmt" count="4"/>
        <line num="131" type="stmt" count="4"/>
        <line num="132" type="stmt" count="4"/>
        <line num="133" type="stmt" count="4"/>
        <line num="134" type="stmt" count="4"/>
        <line num="135" type="stmt" count="4"/>
        <line num="137" type="stmt" count="4"/>
        <line num="139" type="stmt" count="4"/>
        <line num="140" type="stmt" count="4"/>
        <line num="141" type="stmt" count="4"/>
        <line num="142" type="stmt" count="4"/>
        <line num="143" type="stmt" count="4"/>
        <line num="144" type="stmt" count="4"/>
        <line num="145" type="stmt" count="4"/>
        <line num="146" type="stmt" count="4"/>
        <line num="147" type="stmt" count="4"/>
        <line num="148" type="stmt" count="4"/>
        <line num="149" type="stmt" count="4"/>
        <line num="150" type="stmt" count="4"/>
        <line num="151" type="stmt" count="4"/>
        <line num="152" type="stmt" count="4"/>
        <line num="153" type="stmt" count="4"/>
        <line num="154" type="stmt" count="4"/>
        <line num="155" type="stmt" count="4"/>
        <line num="156" type="stmt" count="4"/>
        <line num="195" type="method" name="download" visibility="public" complexity="2" crap="2" count="3"/>
        <line num="197" type="stmt" count="3"/>
        <line num="198" type="stmt" count="3"/>
        <line num="199" type="stmt" count="3"/>
        <line num="201" type="stmt" count="2"/>
        <line num="202" type="stmt" count="1"/>
        <line num="205" type="stmt" count="1"/>
        <line num="206" type="stmt" count="1"/>
        <line num="207" type="stmt" count="1"/>
        <line num="208" type="stmt" count="1"/>
        <line num="209" type="stmt" count="1"/>
        <line num="246" type="method" name="adminDownload" visibility="public" complexity="3" crap="3" count="3"/>
        <line num="248" type="stmt" count="3"/>
        <line num="249" type="stmt" count="3"/>
        <line num="250" type="stmt" count="1"/>
        <line num="253" type="stmt" count="2"/>
        <line num="254" type="stmt" count="1"/>
        <line num="257" type="stmt" count="1"/>
        <line num="258" type="stmt" count="1"/>
        <line num="259" type="stmt" count="1"/>
        <line num="260" type="stmt" count="1"/>
        <line num="261" type="stmt" count="1"/>
        <metrics loc="266" ncloc="108" classes="1" methods="3" coveredmethods="3" conditionals="0" coveredconditionals="0" statements="64" coveredstatements="64" elements="67" coveredelements="67"/>
      </file>
      <file name="D:\GitHub\billet-jo\app\Http\Controllers\Api\PaymentController.php">
        <class name="App\Http\Controllers\Api\PaymentController" namespace="App\Http\Controllers\Api">
          <metrics complexity="14" methods="6" coveredmethods="6" conditionals="0" coveredconditionals="0" statements="85" coveredstatements="85" elements="91" coveredelements="91"/>
        </class>
        <line num="22" type="method" name="__construct" visibility="public" complexity="1" crap="1" count="14"/>
        <line num="138" type="method" name="index" visibility="public" complexity="1" crap="1" count="1"/>
        <line num="141" type="stmt" count="1"/>
        <line num="144" type="stmt" count="1"/>
        <line num="145" type="stmt" count="1"/>
        <line num="146" type="stmt" count="1"/>
        <line num="148" type="stmt" count="1"/>
        <line num="149" type="stmt" count="1"/>
        <line num="150" type="stmt" count="1"/>
        <line num="151" type="stmt" count="1"/>
        <line num="152" type="stmt" count="1"/>
        <line num="153" type="stmt" count="1"/>
        <line num="155" type="stmt" count="1"/>
        <line num="157" type="stmt" count="1"/>
        <line num="158" type="stmt" count="1"/>
        <line num="159" type="stmt" count="1"/>
        <line num="160" type="stmt" count="1"/>
        <line num="162" type="stmt" count="1"/>
        <line num="163" type="stmt" count="1"/>
        <line num="164" type="stmt" count="1"/>
        <line num="165" type="stmt" count="1"/>
        <line num="167" type="stmt" count="1"/>
        <line num="168" type="stmt" count="1"/>
        <line num="169" type="stmt" count="1"/>
        <line num="170" type="stmt" count="1"/>
        <line num="172" type="stmt" count="1"/>
        <line num="174" type="stmt" count="1"/>
        <line num="229" type="method" name="store" visibility="public" complexity="1" crap="1" count="2"/>
        <line num="231" type="stmt" count="2"/>
        <line num="232" type="stmt" count="2"/>
        <line num="233" type="stmt" count="2"/>
        <line num="234" type="stmt" count="2"/>
        <line num="235" type="stmt" count="2"/>
        <line num="236" type="stmt" count="2"/>
        <line num="238" type="stmt" count="2"/>
        <line num="239" type="stmt" count="2"/>
        <line num="240" type="stmt" count="2"/>
        <line num="289" type="method" name="webhook" visibility="public" complexity="8" crap="8" count="7"/>
        <line num="291" type="stmt" count="7"/>
        <line num="292" type="stmt" count="7"/>
        <line num="293" type="stmt" count="7"/>
        <line num="296" type="stmt" count="7"/>
        <line num="297" type="stmt" count="3"/>
        <line num="298" type="stmt" count="2"/>
        <line num="299" type="stmt" count="2"/>
        <line num="300" type="stmt" count="1"/>
        <line num="301" type="stmt" count="1"/>
        <line num="302" type="stmt" count="1"/>
        <line num="305" type="stmt" count="4"/>
        <line num="307" type="stmt" count="4"/>
        <line num="308" type="stmt" count="4"/>
        <line num="309" type="stmt" count="3"/>
        <line num="310" type="stmt" count="2"/>
        <line num="312" type="stmt" count="2"/>
        <line num="314" type="stmt" count="1"/>
        <line num="316" type="stmt" count="1"/>
        <line num="317" type="stmt" count="1"/>
        <line num="320" type="stmt" count="1"/>
        <line num="321" type="stmt" count="1"/>
        <line num="323" type="stmt" count="1"/>
        <line num="324" type="stmt" count="1"/>
        <line num="325" type="stmt" count="1"/>
        <line num="327" type="stmt" count="2"/>
        <line num="329" type="stmt" count="2"/>
        <line num="330" type="stmt" count="1"/>
        <line num="331" type="stmt" count="1"/>
        <line num="332" type="stmt" count="1"/>
        <line num="335" type="stmt" count="1"/>
        <line num="338" type="stmt" count="4"/>
        <line num="374" type="method" name="showStatus" visibility="public" complexity="1" crap="1" count="1"/>
        <line num="376" type="stmt" count="1"/>
        <line num="377" type="stmt" count="1"/>
        <line num="378" type="stmt" count="1"/>
        <line num="379" type="stmt" count="1"/>
        <line num="380" type="stmt" count="1"/>
        <line num="441" type="method" name="refund" visibility="public" complexity="2" crap="2" count="1"/>
        <line num="444" type="stmt" count="1"/>
        <line num="447" type="stmt" count="1"/>
        <line num="450" type="stmt" count="1"/>
        <line num="451" type="stmt" count="1"/>
        <line num="452" type="stmt" count="1"/>
        <line num="455" type="stmt" count="1"/>
        <line num="456" type="stmt" count="1"/>
        <line num="459" type="stmt" count="1"/>
        <line num="462" type="stmt" count="1"/>
        <line num="463" type="stmt" count="1"/>
        <line num="464" type="stmt" count="1"/>
        <line num="465" type="stmt" count="1"/>
        <line num="466" type="stmt" count="1"/>
        <line num="467" type="stmt" count="1"/>
        <metrics loc="470" ncloc="158" classes="1" methods="6" coveredmethods="6" conditionals="0" coveredconditionals="0" statements="85" coveredstatements="85" elements="91" coveredelements="91"/>
      </file>
      <file name="D:\GitHub\billet-jo\app\Http\Controllers\Api\ProductController.php">
        <class name="App\Http\Controllers\Api\ProductController" namespace="App\Http\Controllers\Api">
          <metrics complexity="14" methods="7" coveredmethods="7" conditionals="0" coveredconditionals="0" statements="55" coveredstatements="55" elements="62" coveredelements="62"/>
        </class>
        <line num="22" type="method" name="__construct" visibility="public" complexity="1" crap="1" count="12"/>
        <line num="23" type="stmt" count="12"/>
        <line num="24" type="stmt" count="12"/>
        <line num="85" type="method" name="index" visibility="public" complexity="2" crap="2" count="2"/>
        <line num="87" type="stmt" count="2"/>
        <line num="89" type="stmt" count="2"/>
        <line num="90" type="stmt" count="1"/>
        <line num="93" type="stmt" count="1"/>
        <line num="94" type="stmt" count="1"/>
        <line num="95" type="stmt" count="1"/>
        <line num="96" type="stmt" count="1"/>
        <line num="97" type="stmt" count="1"/>
        <line num="98" type="stmt" count="1"/>
        <line num="99" type="stmt" count="1"/>
        <line num="100" type="stmt" count="1"/>
        <line num="101" type="stmt" count="1"/>
        <line num="159" type="method" name="getProducts" visibility="public" complexity="2" crap="2" count="2"/>
        <line num="161" type="stmt" count="2"/>
        <line num="163" type="stmt" count="2"/>
        <line num="164" type="stmt" count="1"/>
        <line num="167" type="stmt" count="1"/>
        <line num="168" type="stmt" count="1"/>
        <line num="169" type="stmt" count="1"/>
        <line num="170" type="stmt" count="1"/>
        <line num="171" type="stmt" count="1"/>
        <line num="172" type="stmt" count="1"/>
        <line num="173" type="stmt" count="1"/>
        <line num="174" type="stmt" count="1"/>
        <line num="175" type="stmt" count="1"/>
        <line num="211" type="method" name="show" visibility="public" complexity="1" crap="1" count="1"/>
        <line num="213" type="stmt" count="1"/>
        <line num="214" type="stmt" count="1"/>
        <line num="215" type="stmt" count="1"/>
        <line num="306" type="method" name="store" visibility="public" complexity="3" crap="3" count="1"/>
        <line num="309" type="stmt" count="1"/>
        <line num="312" type="stmt" count="1"/>
        <line num="313" type="stmt" count="1"/>
        <line num="315" type="stmt" count="1"/>
        <line num="318" type="stmt" count="1"/>
        <line num="321" type="stmt" count="1"/>
        <line num="322" type="stmt" count="1"/>
        <line num="327" type="stmt" count="1"/>
        <line num="330" type="stmt" count="1"/>
        <line num="442" type="method" name="update" visibility="public" complexity="4" crap="4" count="4"/>
        <line num="444" type="stmt" count="4"/>
        <line num="447" type="stmt" count="4"/>
        <line num="448" type="stmt" count="4"/>
        <line num="450" type="stmt" count="2"/>
        <line num="451" type="stmt" count="2"/>
        <line num="452" type="stmt" count="2"/>
        <line num="453" type="stmt" count="2"/>
        <line num="454" type="stmt" count="1"/>
        <line num="456" type="stmt" count="2"/>
        <line num="457" type="stmt" count="1"/>
        <line num="460" type="stmt" count="2"/>
        <line num="462" type="stmt" count="2"/>
        <line num="463" type="stmt" count="2"/>
        <line num="468" type="stmt" count="4"/>
        <line num="470" type="stmt" count="4"/>
        <line num="510" type="method" name="updatePricing" visibility="public" complexity="1" crap="1" count="1"/>
        <line num="512" type="stmt" count="1"/>
        <line num="514" type="stmt" count="1"/>
        <metrics loc="517" ncloc="125" classes="1" methods="7" coveredmethods="7" conditionals="0" coveredconditionals="0" statements="55" coveredstatements="55" elements="62" coveredelements="62"/>
      </file>
      <file name="D:\GitHub\billet-jo\app\Http\Controllers\Api\TicketController.php">
        <class name="App\Http\Controllers\Api\TicketController" namespace="App\Http\Controllers\Api">
          <metrics complexity="17" methods="11" coveredmethods="11" conditionals="0" coveredconditionals="0" statements="88" coveredstatements="88" elements="99" coveredelements="99"/>
        </class>
        <line num="26" type="method" name="__construct" visibility="public" complexity="1" crap="1" count="18"/>
        <line num="28" type="stmt" count="18"/>
        <line num="177" type="method" name="index" visibility="public" complexity="1" crap="1" count="1"/>
        <line num="179" type="stmt" count="1"/>
        <line num="181" type="stmt" count="1"/>
        <line num="183" type="stmt" count="1"/>
        <line num="184" type="stmt" count="1"/>
        <line num="185" type="stmt" count="1"/>
        <line num="186" type="stmt" count="1"/>
        <line num="187" type="stmt" count="1"/>
        <line num="188" type="stmt" count="1"/>
        <line num="189" type="stmt" count="1"/>
        <line num="190" type="stmt" count="1"/>
        <line num="191" type="stmt" count="1"/>
        <line num="257" type="method" name="userTickets" visibility="public" complexity="1" crap="1" count="1"/>
        <line num="259" type="stmt" count="1"/>
        <line num="260" type="stmt" count="1"/>
        <line num="261" type="stmt" count="1"/>
        <line num="263" type="stmt" count="1"/>
        <line num="264" type="stmt" count="1"/>
        <line num="265" type="stmt" count="1"/>
        <line num="266" type="stmt" count="1"/>
        <line num="267" type="stmt" count="1"/>
        <line num="268" type="stmt" count="1"/>
        <line num="269" type="stmt" count="1"/>
        <line num="270" type="stmt" count="1"/>
        <line num="271" type="stmt" count="1"/>
        <line num="310" type="method" name="downloadTicket" visibility="public" complexity="2" crap="2" count="1"/>
        <line num="312" type="stmt" count="1"/>
        <line num="313" type="stmt" count="1"/>
        <line num="314" type="stmt" count="1"/>
        <line num="316" type="stmt" count="1"/>
        <line num="317" type="stmt" count="1"/>
        <line num="320" type="stmt" count="1"/>
        <line num="321" type="stmt" count="1"/>
        <line num="322" type="stmt" count="1"/>
        <line num="323" type="stmt" count="1"/>
        <line num="324" type="stmt" count="1"/>
        <line num="361" type="method" name="downloadAdminTicket" visibility="public" complexity="3" crap="3" count="4"/>
        <line num="363" type="stmt" count="4"/>
        <line num="364" type="stmt" count="4"/>
        <line num="365" type="stmt" count="1"/>
        <line num="368" type="stmt" count="3"/>
        <line num="369" type="stmt" count="1"/>
        <line num="372" type="stmt" count="2"/>
        <line num="373" type="stmt" count="2"/>
        <line num="374" type="stmt" count="2"/>
        <line num="375" type="stmt" count="2"/>
        <line num="376" type="stmt" count="2"/>
        <line num="415" type="method" name="downloadQr" visibility="public" complexity="2" crap="2" count="1"/>
        <line num="417" type="stmt" count="1"/>
        <line num="418" type="stmt" count="1"/>
        <line num="419" type="stmt" count="1"/>
        <line num="421" type="stmt" count="1"/>
        <line num="422" type="stmt" count="1"/>
        <line num="425" type="stmt" count="1"/>
        <line num="426" type="stmt" count="1"/>
        <line num="427" type="stmt" count="1"/>
        <line num="428" type="stmt" count="1"/>
        <line num="429" type="stmt" count="1"/>
        <line num="466" type="method" name="downloadAdminQr" visibility="public" complexity="3" crap="3" count="4"/>
        <line num="468" type="stmt" count="4"/>
        <line num="469" type="stmt" count="4"/>
        <line num="470" type="stmt" count="1"/>
        <line num="473" type="stmt" count="3"/>
        <line num="474" type="stmt" count="1"/>
        <line num="477" type="stmt" count="2"/>
        <line num="478" type="stmt" count="2"/>
        <line num="479" type="stmt" count="2"/>
        <line num="480" type="stmt" count="2"/>
        <line num="481" type="stmt" count="2"/>
        <line num="520" type="method" name="updateStatus" visibility="public" complexity="1" crap="1" count="1"/>
        <line num="522" type="stmt" count="1"/>
        <line num="523" type="stmt" count="1"/>
        <line num="525" type="stmt" count="1"/>
        <line num="555" type="method" name="createForUser" visibility="public" complexity="1" crap="1" count="1"/>
        <line num="557" type="stmt" count="1"/>
        <line num="558" type="stmt" count="1"/>
        <line num="559" type="stmt" count="1"/>
        <line num="560" type="stmt" count="1"/>
        <line num="561" type="stmt" count="1"/>
        <line num="562" type="stmt" count="1"/>
        <line num="563" type="stmt" count="1"/>
        <line num="565" type="stmt" count="1"/>
        <line num="649" type="method" name="scanTicket" visibility="public" complexity="1" crap="1" count="1"/>
        <line num="651" type="stmt" count="1"/>
        <line num="653" type="stmt" count="1"/>
        <line num="697" type="method" name="salesStats" visibility="public" complexity="1" crap="1" count="1"/>
        <line num="699" type="stmt" count="1"/>
        <line num="700" type="stmt" count="1"/>
        <line num="702" type="stmt" count="1"/>
        <line num="703" type="stmt" count="1"/>
        <line num="704" type="stmt" count="1"/>
        <line num="705" type="stmt" count="1"/>
        <line num="706" type="stmt" count="1"/>
        <line num="707" type="stmt" count="1"/>
        <line num="708" type="stmt" count="1"/>
        <line num="709" type="stmt" count="1"/>
        <line num="710" type="stmt" count="1"/>
        <metrics loc="713" ncloc="179" classes="1" methods="11" coveredmethods="11" conditionals="0" coveredconditionals="0" statements="88" coveredstatements="88" elements="99" coveredelements="99"/>
      </file>
      <file name="D:\GitHub\billet-jo\app\Http\Controllers\Api\UserController.php">
        <class name="App\Http\Controllers\Api\UserController" namespace="App\Http\Controllers\Api">
          <metrics complexity="9" methods="8" coveredmethods="8" conditionals="0" coveredconditionals="0" statements="50" coveredstatements="50" elements="58" coveredelements="58"/>
        </class>
        <line num="16" type="method" name="__construct" visibility="public" complexity="1" crap="1" count="10"/>
        <line num="76" type="method" name="index" visibility="public" complexity="1" crap="1" count="1"/>
        <line num="78" type="stmt" count="1"/>
        <line num="79" type="stmt" count="1"/>
        <line num="80" type="stmt" count="1"/>
        <line num="82" type="stmt" count="1"/>
        <line num="83" type="stmt" count="1"/>
        <line num="85" type="stmt" count="1"/>
        <line num="86" type="stmt" count="1"/>
        <line num="87" type="stmt" count="1"/>
        <line num="88" type="stmt" count="1"/>
        <line num="89" type="stmt" count="1"/>
        <line num="90" type="stmt" count="1"/>
        <line num="91" type="stmt" count="1"/>
        <line num="92" type="stmt" count="1"/>
        <line num="93" type="stmt" count="1"/>
        <line num="94" type="stmt" count="1"/>
        <line num="95" type="stmt" count="1"/>
        <line num="96" type="stmt" count="1"/>
        <line num="97" type="stmt" count="1"/>
        <line num="98" type="stmt" count="1"/>
        <line num="99" type="stmt" count="1"/>
        <line num="144" type="method" name="show" visibility="public" complexity="1" crap="1" count="1"/>
        <line num="146" type="stmt" count="1"/>
        <line num="148" type="stmt" count="1"/>
        <line num="149" type="stmt" count="1"/>
        <line num="150" type="stmt" count="1"/>
        <line num="179" type="method" name="updateSelf" visibility="public" complexity="1" crap="1" count="1"/>
        <line num="181" type="stmt" count="1"/>
        <line num="182" type="stmt" count="1"/>
        <line num="184" type="stmt" count="1"/>
        <line num="228" type="method" name="update" visibility="public" complexity="1" crap="1" count="2"/>
        <line num="230" type="stmt" count="2"/>
        <line num="231" type="stmt" count="2"/>
        <line num="232" type="stmt" count="2"/>
        <line num="233" type="stmt" count="2"/>
        <line num="234" type="stmt" count="2"/>
        <line num="236" type="stmt" count="2"/>
        <line num="286" type="method" name="checkEmailUpdate" visibility="public" complexity="2" crap="2" count="2"/>
        <line num="288" type="stmt" count="2"/>
        <line num="289" type="stmt" count="2"/>
        <line num="291" type="stmt" count="2"/>
        <line num="292" type="stmt" count="2"/>
        <line num="293" type="stmt" count="2"/>
        <line num="294" type="stmt" count="2"/>
        <line num="331" type="method" name="storeEmployee" visibility="public" complexity="1" crap="1" count="1"/>
        <line num="333" type="stmt" count="1"/>
        <line num="334" type="stmt" count="1"/>
        <line num="335" type="stmt" count="1"/>
        <line num="336" type="stmt" count="1"/>
        <line num="338" type="stmt" count="1"/>
        <line num="371" type="method" name="showSelf" visibility="public" complexity="1" crap="1" count="1"/>
        <line num="373" type="stmt" count="1"/>
        <line num="374" type="stmt" count="1"/>
        <line num="376" type="stmt" count="1"/>
        <line num="377" type="stmt" count="1"/>
        <line num="378" type="stmt" count="1"/>
        <metrics loc="381" ncloc="103" classes="1" methods="8" coveredmethods="8" conditionals="0" coveredconditionals="0" statements="50" coveredstatements="50" elements="58" coveredelements="58"/>
      </file>
    </package>
    <package name="App\Http\Controllers\Auth">
      <file name="D:\GitHub\billet-jo\app\Http\Controllers\Auth\AuthController.php">
        <class name="App\Http\Controllers\Auth\AuthController" namespace="App\Http\Controllers\Auth">
          <metrics complexity="10" methods="10" coveredmethods="10" conditionals="0" coveredconditionals="0" statements="32" coveredstatements="32" elements="42" coveredelements="42"/>
        </class>
        <line num="20" type="method" name="__construct" visibility="public" complexity="1" crap="1" count="9"/>
        <line num="61" type="method" name="register" visibility="public" complexity="1" crap="1" count="1"/>
        <line num="63" type="stmt" count="1"/>
        <line num="65" type="stmt" count="1"/>
        <line num="67" type="stmt" count="1"/>
        <line num="68" type="stmt" count="1"/>
        <line num="69" type="stmt" count="1"/>
        <line num="70" type="stmt" count="1"/>
        <line num="170" type="method" name="login" visibility="public" complexity="1" crap="1" count="1"/>
        <line num="172" type="stmt" count="1"/>
        <line num="174" type="stmt" count="1"/>
        <line num="215" type="method" name="enableTwoFactor" visibility="public" complexity="1" crap="1" count="1"/>
        <line num="217" type="stmt" count="1"/>
        <line num="219" type="stmt" count="1"/>
        <line num="257" type="method" name="logout" visibility="public" complexity="1" crap="1" count="1"/>
        <line num="259" type="stmt" count="1"/>
        <line num="261" type="stmt" count="1"/>
        <line num="313" type="method" name="forgotPassword" visibility="public" complexity="1" crap="1" count="1"/>
        <line num="315" type="stmt" count="1"/>
        <line num="317" type="stmt" count="1"/>
        <line num="386" type="method" name="resetPassword" visibility="public" complexity="1" crap="1" count="1"/>
        <line num="388" type="stmt" count="1"/>
        <line num="390" type="stmt" count="1"/>
        <line num="462" type="method" name="updatePassword" visibility="public" complexity="1" crap="1" count="1"/>
        <line num="464" type="stmt" count="1"/>
        <line num="465" type="stmt" count="1"/>
        <line num="466" type="stmt" count="1"/>
        <line num="467" type="stmt" count="1"/>
        <line num="469" type="stmt" count="1"/>
        <line num="513" type="method" name="updateEmail" visibility="public" complexity="1" crap="1" count="1"/>
        <line num="515" type="stmt" count="1"/>
        <line num="516" type="stmt" count="1"/>
        <line num="517" type="stmt" count="1"/>
        <line num="518" type="stmt" count="1"/>
        <line num="520" type="stmt" count="1"/>
        <line num="569" type="method" name="disableTwoFactor" visibility="public" complexity="1" crap="1" count="1"/>
        <line num="571" type="stmt" count="1"/>
        <line num="572" type="stmt" count="1"/>
        <line num="573" type="stmt" count="1"/>
        <line num="574" type="stmt" count="1"/>
        <line num="576" type="stmt" count="1"/>
        <metrics loc="579" ncloc="99" classes="1" methods="10" coveredmethods="10" conditionals="0" coveredconditionals="0" statements="32" coveredstatements="32" elements="42" coveredelements="42"/>
      </file>
      <file name="D:\GitHub\billet-jo\app\Http\Controllers\Auth\VerificationController.php">
        <class name="App\Http\Controllers\Auth\VerificationController" namespace="App\Http\Controllers\Auth">
          <metrics complexity="15" methods="5" coveredmethods="5" conditionals="0" coveredconditionals="0" statements="67" coveredstatements="67" elements="72" coveredelements="72"/>
        </class>
        <line num="23" type="method" name="__construct" visibility="public" complexity="1" crap="1" count="16"/>
        <line num="127" type="method" name="verify" visibility="public" complexity="5" crap="5" count="6"/>
        <line num="129" type="stmt" count="6"/>
        <line num="130" type="stmt" count="6"/>
        <line num="131" type="stmt" count="6"/>
        <line num="134" type="stmt" count="6"/>
        <line num="136" type="stmt" count="5"/>
        <line num="137" type="stmt" count="1"/>
        <line num="138" type="stmt" count="1"/>
        <line num="139" type="stmt" count="4"/>
        <line num="140" type="stmt" count="2"/>
        <line num="141" type="stmt" count="2"/>
        <line num="142" type="stmt" count="1"/>
        <line num="143" type="stmt" count="1"/>
        <line num="144" type="stmt" count="1"/>
        <line num="145" type="stmt" count="1"/>
        <line num="146" type="stmt" count="1"/>
        <line num="147" type="stmt" count="1"/>
        <line num="148" type="stmt" count="1"/>
        <line num="151" type="stmt" count="5"/>
        <line num="155" type="stmt" count="1"/>
        <line num="156" type="stmt" count="1"/>
        <line num="158" type="stmt" count="1"/>
        <line num="159" type="stmt" count="1"/>
        <line num="160" type="stmt" count="1"/>
        <line num="161" type="stmt" count="1"/>
        <line num="198" type="method" name="resend" visibility="public" complexity="1" crap="1" count="1"/>
        <line num="200" type="stmt" count="1"/>
        <line num="202" type="stmt" count="1"/>
        <line num="290" type="method" name="verifyNew" visibility="public" complexity="4" crap="4" count="5"/>
        <line num="292" type="stmt" count="5"/>
        <line num="293" type="stmt" count="5"/>
        <line num="296" type="stmt" count="5"/>
        <line num="298" type="stmt" count="4"/>
        <line num="300" type="stmt" count="1"/>
        <line num="301" type="stmt" count="1"/>
        <line num="302" type="stmt" count="3"/>
        <line num="303" type="stmt" count="2"/>
        <line num="304" type="stmt" count="1"/>
        <line num="305" type="stmt" count="1"/>
        <line num="306" type="stmt" count="1"/>
        <line num="307" type="stmt" count="1"/>
        <line num="308" type="stmt" count="1"/>
        <line num="309" type="stmt" count="1"/>
        <line num="312" type="stmt" count="4"/>
        <line num="316" type="stmt" count="1"/>
        <line num="317" type="stmt" count="1"/>
        <line num="318" type="stmt" count="1"/>
        <line num="319" type="stmt" count="1"/>
        <line num="320" type="stmt" count="1"/>
        <line num="403" type="method" name="cancelChange" visibility="public" complexity="4" crap="4" count="4"/>
        <line num="405" type="stmt" count="4"/>
        <line num="407" type="stmt" count="4"/>
        <line num="409" type="stmt" count="3"/>
        <line num="411" type="stmt" count="1"/>
        <line num="412" type="stmt" count="1"/>
        <line num="413" type="stmt" count="2"/>
        <line num="414" type="stmt" count="1"/>
        <line num="415" type="stmt" count="1"/>
        <line num="416" type="stmt" count="1"/>
        <line num="417" type="stmt" count="1"/>
        <line num="418" type="stmt" count="1"/>
        <line num="419" type="stmt" count="1"/>
        <line num="420" type="stmt" count="1"/>
        <line num="421" type="stmt" count="1"/>
        <line num="424" type="stmt" count="3"/>
        <line num="428" type="stmt" count="1"/>
        <line num="430" type="stmt" count="1"/>
        <line num="431" type="stmt" count="1"/>
        <line num="432" type="stmt" count="1"/>
        <line num="433" type="stmt" count="1"/>
        <metrics loc="436" ncloc="128" classes="1" methods="5" coveredmethods="5" conditionals="0" coveredconditionals="0" statements="67" coveredstatements="67" elements="72" coveredelements="72"/>
      </file>
    </package>
    <package name="App\Http\Controllers">
      <file name="D:\GitHub\billet-jo\app\Http\Controllers\Controller.php">
        <class name="App\Http\Controllers\Controller" namespace="App\Http\Controllers">
          <metrics complexity="0" methods="0" coveredmethods="0" conditionals="0" coveredconditionals="0" statements="0" coveredstatements="0" elements="0" coveredelements="0"/>
        </class>
        <metrics loc="9" ncloc="8" classes="0" methods="0" coveredmethods="0" conditionals="0" coveredconditionals="0" statements="0" coveredstatements="0" elements="0" coveredelements="0"/>
      </file>
    </package>
    <package name="App\Http\Middleware">
      <file name="D:\GitHub\billet-jo\app\Http\Middleware\CheckOriginMiddleware.php">
        <class name="App\Http\Middleware\CheckOriginMiddleware" namespace="App\Http\Middleware">
          <metrics complexity="2" methods="1" coveredmethods="1" conditionals="0" coveredconditionals="0" statements="10" coveredstatements="10" elements="11" coveredelements="11"/>
        </class>
        <line num="16" type="method" name="handle" visibility="public" complexity="2" crap="2" count="2"/>
        <line num="18" type="stmt" count="2"/>
        <line num="19" type="stmt" count="2"/>
        <line num="20" type="stmt" count="2"/>
        <line num="21" type="stmt" count="2"/>
        <line num="22" type="stmt" count="2"/>
        <line num="23" type="stmt" count="2"/>
        <line num="25" type="stmt" count="2"/>
        <line num="27" type="stmt" count="2"/>
        <line num="28" type="stmt" count="1"/>
        <line num="31" type="stmt" count="1"/>
        <metrics loc="34" ncloc="29" classes="1" methods="1" coveredmethods="1" conditionals="0" coveredconditionals="0" statements="10" coveredstatements="10" elements="11" coveredelements="11"/>
      </file>
      <file name="D:\GitHub\billet-jo\app\Http\Middleware\SetLocalLanguages.php">
        <class name="App\Http\Middleware\SetLocalLanguages" namespace="App\Http\Middleware">
          <metrics complexity="2" methods="1" coveredmethods="1" conditionals="0" coveredconditionals="0" statements="5" coveredstatements="5" elements="6" coveredelements="6"/>
        </class>
        <line num="16" type="method" name="handle" visibility="public" complexity="2" crap="2" count="95"/>
        <line num="19" type="stmt" count="95"/>
        <line num="22" type="stmt" count="95"/>
        <line num="23" type="stmt" count="95"/>
        <line num="27" type="stmt" count="95"/>
        <line num="29" type="stmt" count="95"/>
        <metrics loc="32" ncloc="23" classes="1" methods="1" coveredmethods="1" conditionals="0" coveredconditionals="0" statements="5" coveredstatements="5" elements="6" coveredelements="6"/>
      </file>
    </package>
    <package name="App\Http\Requests">
      <file name="D:\GitHub\billet-jo\app\Http\Requests\AdminProductRequest.php">
        <class name="App\Http\Requests\AdminProductRequest" namespace="App\Http\Requests">
          <metrics complexity="5" methods="3" coveredmethods="3" conditionals="0" coveredconditionals="0" statements="22" coveredstatements="22" elements="25" coveredelements="25"/>
        </class>
        <line num="13" type="method" name="authorize" visibility="public" complexity="2" crap="2" count="3"/>
        <line num="15" type="stmt" count="3"/>
        <line num="23" type="method" name="rules" visibility="public" complexity="1" crap="1" count="4"/>
        <line num="25" type="stmt" count="4"/>
        <line num="26" type="stmt" count="4"/>
        <line num="27" type="stmt" count="4"/>
        <line num="28" type="stmt" count="4"/>
        <line num="29" type="stmt" count="4"/>
        <line num="30" type="stmt" count="4"/>
        <line num="31" type="stmt" count="4"/>
        <line num="32" type="stmt" count="4"/>
        <line num="33" type="stmt" count="4"/>
        <line num="34" type="stmt" count="4"/>
        <line num="35" type="stmt" count="4"/>
        <line num="36" type="stmt" count="4"/>
        <line num="37" type="stmt" count="4"/>
        <line num="38" type="stmt" count="4"/>
        <line num="39" type="stmt" count="4"/>
        <line num="40" type="stmt" count="4"/>
        <line num="41" type="stmt" count="4"/>
        <line num="44" type="method" name="prepareForValidation" visibility="protected" complexity="2" crap="2" count="4"/>
        <line num="46" type="stmt" count="4"/>
        <line num="47" type="stmt" count="4"/>
        <line num="49" type="stmt" count="4"/>
        <line num="50" type="stmt" count="1"/>
        <metrics loc="54" ncloc="46" classes="1" methods="3" coveredmethods="3" conditionals="0" coveredconditionals="0" statements="22" coveredstatements="22" elements="25" coveredelements="25"/>
      </file>
      <file name="D:\GitHub\billet-jo\app\Http\Requests\AdminUpdateUserRequest.php">
        <class name="App\Http\Requests\AdminUpdateUserRequest" namespace="App\Http\Requests">
          <metrics complexity="3" methods="2" coveredmethods="2" conditionals="0" coveredconditionals="0" statements="15" coveredstatements="15" elements="17" coveredelements="17"/>
        </class>
        <line num="13" type="method" name="authorize" visibility="public" complexity="2" crap="2" count="2"/>
        <line num="15" type="stmt" count="2"/>
        <line num="23" type="method" name="rules" visibility="public" complexity="1" crap="1" count="2"/>
        <line num="25" type="stmt" count="2"/>
        <line num="27" type="stmt" count="2"/>
        <line num="28" type="stmt" count="2"/>
        <line num="29" type="stmt" count="2"/>
        <line num="30" type="stmt" count="2"/>
        <line num="31" type="stmt" count="2"/>
        <line num="32" type="stmt" count="2"/>
        <line num="33" type="stmt" count="2"/>
        <line num="34" type="stmt" count="2"/>
        <line num="35" type="stmt" count="2"/>
        <line num="36" type="stmt" count="2"/>
        <line num="37" type="stmt" count="2"/>
        <line num="38" type="stmt" count="2"/>
        <line num="39" type="stmt" count="2"/>
        <metrics loc="42" ncloc="34" classes="1" methods="2" coveredmethods="2" conditionals="0" coveredconditionals="0" statements="15" coveredstatements="15" elements="17" coveredelements="17"/>
      </file>
      <file name="D:\GitHub\billet-jo\app\Http\Requests\IndexProductRequest.php">
        <class name="App\Http\Requests\IndexProductRequest" namespace="App\Http\Requests">
          <metrics complexity="4" methods="3" coveredmethods="3" conditionals="0" coveredconditionals="0" statements="22" coveredstatements="22" elements="25" coveredelements="25"/>
        </class>
        <line num="13" type="method" name="authorize" visibility="public" complexity="1" crap="1" count="3"/>
        <line num="15" type="stmt" count="3"/>
        <line num="21" type="method" name="rules" visibility="public" complexity="1" crap="1" count="3"/>
        <line num="23" type="stmt" count="3"/>
        <line num="24" type="stmt" count="3"/>
        <line num="25" type="stmt" count="3"/>
        <line num="26" type="stmt" count="3"/>
        <line num="27" type="stmt" count="3"/>
        <line num="28" type="stmt" count="3"/>
        <line num="29" type="stmt" count="3"/>
        <line num="30" type="stmt" count="3"/>
        <line num="31" type="stmt" count="3"/>
        <line num="32" type="stmt" count="3"/>
        <line num="33" type="stmt" count="3"/>
        <line num="34" type="stmt" count="3"/>
        <line num="35" type="stmt" count="3"/>
        <line num="36" type="stmt" count="3"/>
        <line num="37" type="stmt" count="3"/>
        <line num="38" type="stmt" count="3"/>
        <line num="39" type="stmt" count="3"/>
        <line num="42" type="method" name="prepareForValidation" visibility="protected" complexity="2" crap="2" count="3"/>
        <line num="44" type="stmt" count="3"/>
        <line num="45" type="stmt" count="3"/>
        <line num="47" type="stmt" count="3"/>
        <line num="48" type="stmt" count="1"/>
        <metrics loc="52" ncloc="46" classes="1" methods="3" coveredmethods="3" conditionals="0" coveredconditionals="0" statements="22" coveredstatements="22" elements="25" coveredelements="25"/>
      </file>
      <file name="D:\GitHub\billet-jo\app\Http\Requests\InvoiceIndexRequest.php">
        <class name="App\Http\Requests\InvoiceIndexRequest" namespace="App\Http\Requests">
          <metrics complexity="7" methods="5" coveredmethods="5" conditionals="0" coveredconditionals="0" statements="25" coveredstatements="25" elements="30" coveredelements="30"/>
        </class>
        <line num="12" type="method" name="authorize" visibility="public" complexity="1" crap="1" count="4"/>
        <line num="14" type="stmt" count="4"/>
        <line num="22" type="method" name="rules" visibility="public" complexity="1" crap="1" count="4"/>
        <line num="24" type="stmt" count="4"/>
        <line num="25" type="stmt" count="4"/>
        <line num="26" type="stmt" count="4"/>
        <line num="27" type="stmt" count="4"/>
        <line num="28" type="stmt" count="4"/>
        <line num="29" type="stmt" count="4"/>
        <line num="30" type="stmt" count="4"/>
        <line num="31" type="stmt" count="4"/>
        <line num="32" type="stmt" count="4"/>
        <line num="40" type="method" name="prepareForValidation" visibility="protected" complexity="3" crap="3" count="4"/>
        <line num="43" type="stmt" count="4"/>
        <line num="44" type="stmt" count="1"/>
        <line num="46" type="stmt" count="4"/>
        <line num="47" type="stmt" count="1"/>
        <line num="56" type="method" name="validatedFilters" visibility="public" complexity="1" crap="1" count="4"/>
        <line num="58" type="stmt" count="4"/>
        <line num="59" type="stmt" count="4"/>
        <line num="60" type="stmt" count="4"/>
        <line num="61" type="stmt" count="4"/>
        <line num="62" type="stmt" count="4"/>
        <line num="70" type="method" name="paginationAndSort" visibility="public" complexity="1" crap="1" count="4"/>
        <line num="72" type="stmt" count="4"/>
        <line num="73" type="stmt" count="4"/>
        <line num="74" type="stmt" count="4"/>
        <line num="75" type="stmt" count="4"/>
        <line num="76" type="stmt" count="4"/>
        <line num="77" type="stmt" count="4"/>
        <metrics loc="80" ncloc="56" classes="1" methods="5" coveredmethods="5" conditionals="0" coveredconditionals="0" statements="25" coveredstatements="25" elements="30" coveredelements="30"/>
      </file>
      <file name="D:\GitHub\billet-jo\app\Http\Requests\PaymentIndexRequest.php">
        <class name="App\Http\Requests\PaymentIndexRequest" namespace="App\Http\Requests">
          <metrics complexity="4" methods="3" coveredmethods="3" conditionals="0" coveredconditionals="0" statements="25" coveredstatements="25" elements="28" coveredelements="28"/>
        </class>
        <line num="12" type="method" name="authorize" visibility="public" complexity="2" crap="2" count="1"/>
        <line num="14" type="stmt" count="1"/>
        <line num="22" type="method" name="rules" visibility="public" complexity="1" crap="1" count="1"/>
        <line num="24" type="stmt" count="1"/>
        <line num="25" type="stmt" count="1"/>
        <line num="26" type="stmt" count="1"/>
        <line num="27" type="stmt" count="1"/>
        <line num="28" type="stmt" count="1"/>
        <line num="29" type="stmt" count="1"/>
        <line num="30" type="stmt" count="1"/>
        <line num="31" type="stmt" count="1"/>
        <line num="32" type="stmt" count="1"/>
        <line num="33" type="stmt" count="1"/>
        <line num="34" type="stmt" count="1"/>
        <line num="35" type="stmt" count="1"/>
        <line num="36" type="stmt" count="1"/>
        <line num="44" type="method" name="validatedFilters" visibility="public" complexity="1" crap="1" count="1"/>
        <line num="47" type="stmt" count="1"/>
        <line num="48" type="stmt" count="1"/>
        <line num="49" type="stmt" count="1"/>
        <line num="50" type="stmt" count="1"/>
        <line num="51" type="stmt" count="1"/>
        <line num="52" type="stmt" count="1"/>
        <line num="53" type="stmt" count="1"/>
        <line num="54" type="stmt" count="1"/>
        <line num="55" type="stmt" count="1"/>
        <line num="56" type="stmt" count="1"/>
        <line num="57" type="stmt" count="1"/>
        <metrics loc="60" ncloc="46" classes="1" methods="3" coveredmethods="3" conditionals="0" coveredconditionals="0" statements="25" coveredstatements="25" elements="28" coveredelements="28"/>
      </file>
      <file name="D:\GitHub\billet-jo\app\Http\Requests\PaymentInitiationRequest.php">
        <class name="App\Http\Requests\PaymentInitiationRequest" namespace="App\Http\Requests">
          <metrics complexity="3" methods="3" coveredmethods="3" conditionals="0" coveredconditionals="0" statements="10" coveredstatements="10" elements="13" coveredelements="13"/>
        </class>
        <line num="12" type="method" name="authorize" visibility="public" complexity="1" crap="1" count="2"/>
        <line num="14" type="stmt" count="2"/>
        <line num="22" type="method" name="rules" visibility="public" complexity="1" crap="1" count="2"/>
        <line num="24" type="stmt" count="2"/>
        <line num="25" type="stmt" count="2"/>
        <line num="26" type="stmt" count="2"/>
        <line num="27" type="stmt" count="2"/>
        <line num="35" type="method" name="validatedData" visibility="public" complexity="1" crap="1" count="2"/>
        <line num="37" type="stmt" count="2"/>
        <line num="38" type="stmt" count="2"/>
        <line num="39" type="stmt" count="2"/>
        <line num="40" type="stmt" count="2"/>
        <line num="41" type="stmt" count="2"/>
        <metrics loc="44" ncloc="31" classes="1" methods="3" coveredmethods="3" conditionals="0" coveredconditionals="0" statements="10" coveredstatements="10" elements="13" coveredelements="13"/>
      </file>
      <file name="D:\GitHub\billet-jo\app\Http\Requests\RefundRequest.php">
        <class name="App\Http\Requests\RefundRequest" namespace="App\Http\Requests">
          <metrics complexity="6" methods="4" coveredmethods="4" conditionals="0" coveredconditionals="0" statements="20" coveredstatements="20" elements="24" coveredelements="24"/>
        </class>
        <line num="14" type="method" name="authorize" visibility="public" complexity="2" crap="2" count="2"/>
        <line num="17" type="stmt" count="2"/>
        <line num="25" type="method" name="prepareForValidation" visibility="protected" complexity="2" crap="2" count="3"/>
        <line num="27" type="stmt" count="3"/>
        <line num="29" type="stmt" count="3"/>
        <line num="31" type="stmt" count="3"/>
        <line num="33" type="stmt" count="1"/>
        <line num="37" type="stmt" count="2"/>
        <line num="40" type="stmt" count="2"/>
        <line num="41" type="stmt" count="2"/>
        <line num="42" type="stmt" count="2"/>
        <line num="48" type="method" name="rules" visibility="public" complexity="1" crap="1" count="2"/>
        <line num="50" type="stmt" count="2"/>
        <line num="51" type="stmt" count="2"/>
        <line num="52" type="stmt" count="2"/>
        <line num="53" type="stmt" count="2"/>
        <line num="54" type="stmt" count="2"/>
        <line num="56" type="stmt" count="2"/>
        <line num="57" type="stmt" count="2"/>
        <line num="58" type="stmt" count="2"/>
        <line num="64" type="method" name="messages" visibility="public" complexity="1" crap="1" count="2"/>
        <line num="66" type="stmt" count="2"/>
        <line num="67" type="stmt" count="2"/>
        <line num="68" type="stmt" count="2"/>
        <metrics loc="71" ncloc="52" classes="1" methods="4" coveredmethods="4" conditionals="0" coveredconditionals="0" statements="20" coveredstatements="20" elements="24" coveredelements="24"/>
      </file>
      <file name="D:\GitHub\billet-jo\app\Http\Requests\SalesStatsRequest.php">
        <class name="App\Http\Requests\SalesStatsRequest" namespace="App\Http\Requests">
          <metrics complexity="4" methods="3" coveredmethods="3" conditionals="0" coveredconditionals="0" statements="11" coveredstatements="11" elements="14" coveredelements="14"/>
        </class>
        <line num="12" type="method" name="authorize" visibility="public" complexity="2" crap="2" count="1"/>
        <line num="14" type="stmt" count="1"/>
        <line num="22" type="method" name="rules" visibility="public" complexity="1" crap="1" count="1"/>
        <line num="24" type="stmt" count="1"/>
        <line num="25" type="stmt" count="1"/>
        <line num="26" type="stmt" count="1"/>
        <line num="27" type="stmt" count="1"/>
        <line num="28" type="stmt" count="1"/>
        <line num="29" type="stmt" count="1"/>
        <line num="30" type="stmt" count="1"/>
        <line num="38" type="method" name="validatedFilters" visibility="public" complexity="1" crap="1" count="1"/>
        <line num="40" type="stmt" count="1"/>
        <line num="41" type="stmt" count="1"/>
        <line num="42" type="stmt" count="1"/>
        <metrics loc="45" ncloc="30" classes="1" methods="3" coveredmethods="3" conditionals="0" coveredconditionals="0" statements="11" coveredstatements="11" elements="14" coveredelements="14"/>
      </file>
      <file name="D:\GitHub\billet-jo\app\Http\Requests\StoreEmployeeRequest.php">
        <class name="App\Http\Requests\StoreEmployeeRequest" namespace="App\Http\Requests">
          <metrics complexity="2" methods="2" coveredmethods="2" conditionals="0" coveredconditionals="0" statements="15" coveredstatements="15" elements="17" coveredelements="17"/>
        </class>
        <line num="13" type="method" name="authorize" visibility="public" complexity="1" crap="1" count="1"/>
        <line num="15" type="stmt" count="1"/>
        <line num="23" type="method" name="rules" visibility="public" complexity="1" crap="1" count="1"/>
        <line num="25" type="stmt" count="1"/>
        <line num="26" type="stmt" count="1"/>
        <line num="27" type="stmt" count="1"/>
        <line num="28" type="stmt" count="1"/>
        <line num="29" type="stmt" count="1"/>
        <line num="30" type="stmt" count="1"/>
        <line num="31" type="stmt" count="1"/>
        <line num="32" type="stmt" count="1"/>
        <line num="33" type="stmt" count="1"/>
        <line num="34" type="stmt" count="1"/>
        <line num="35" type="stmt" count="1"/>
        <line num="36" type="stmt" count="1"/>
        <line num="37" type="stmt" count="1"/>
        <line num="38" type="stmt" count="1"/>
        <metrics loc="41" ncloc="33" classes="1" methods="2" coveredmethods="2" conditionals="0" coveredconditionals="0" statements="15" coveredstatements="15" elements="17" coveredelements="17"/>
      </file>
      <file name="D:\GitHub\billet-jo\app\Http\Requests\StoreProductRequest.php">
        <class name="App\Http\Requests\StoreProductRequest" namespace="App\Http\Requests">
          <metrics complexity="4" methods="2" coveredmethods="2" conditionals="0" coveredconditionals="0" statements="22" coveredstatements="22" elements="24" coveredelements="24"/>
        </class>
        <line num="40" type="method" name="authorize" visibility="public" complexity="2" crap="2" count="4"/>
        <line num="42" type="stmt" count="4"/>
        <line num="50" type="method" name="rules" visibility="public" complexity="2" crap="2" count="4"/>
        <line num="52" type="stmt" count="4"/>
        <line num="53" type="stmt" count="1"/>
        <line num="54" type="stmt" count="3"/>
        <line num="56" type="stmt" count="4"/>
        <line num="58" type="stmt" count="4"/>
        <line num="59" type="stmt" count="4"/>
        <line num="60" type="stmt" count="4"/>
        <line num="63" type="stmt" count="4"/>
        <line num="64" type="stmt" count="4"/>
        <line num="65" type="stmt" count="4"/>
        <line num="66" type="stmt" count="4"/>
        <line num="69" type="stmt" count="4"/>
        <line num="71" type="stmt" count="4"/>
        <line num="72" type="stmt" count="4"/>
        <line num="73" type="stmt" count="4"/>
        <line num="74" type="stmt" count="4"/>
        <line num="75" type="stmt" count="4"/>
        <line num="76" type="stmt" count="4"/>
        <line num="77" type="stmt" count="4"/>
        <line num="78" type="stmt" count="4"/>
        <line num="79" type="stmt" count="4"/>
        <metrics loc="82" ncloc="43" classes="1" methods="2" coveredmethods="2" conditionals="0" coveredconditionals="0" statements="22" coveredstatements="22" elements="24" coveredelements="24"/>
      </file>
      <file name="D:\GitHub\billet-jo\app\Http\Requests\TicketCreateRequest.php">
        <class name="App\Http\Requests\TicketCreateRequest" namespace="App\Http\Requests">
          <metrics complexity="4" methods="3" coveredmethods="3" conditionals="0" coveredconditionals="0" statements="10" coveredstatements="10" elements="13" coveredelements="13"/>
        </class>
        <line num="12" type="method" name="authorize" visibility="public" complexity="2" crap="2" count="3"/>
        <line num="14" type="stmt" count="3"/>
        <line num="22" type="method" name="rules" visibility="public" complexity="1" crap="1" count="2"/>
        <line num="24" type="stmt" count="2"/>
        <line num="25" type="stmt" count="2"/>
        <line num="26" type="stmt" count="2"/>
        <line num="27" type="stmt" count="2"/>
        <line num="28" type="stmt" count="2"/>
        <line num="29" type="stmt" count="2"/>
        <line num="37" type="method" name="validatedData" visibility="public" complexity="1" crap="1" count="1"/>
        <line num="39" type="stmt" count="1"/>
        <line num="40" type="stmt" count="1"/>
        <line num="41" type="stmt" count="1"/>
        <metrics loc="44" ncloc="31" classes="1" methods="3" coveredmethods="3" conditionals="0" coveredconditionals="0" statements="10" coveredstatements="10" elements="13" coveredelements="13"/>
      </file>
      <file name="D:\GitHub\billet-jo\app\Http\Requests\TicketIndexRequest.php">
        <class name="App\Http\Requests\TicketIndexRequest" namespace="App\Http\Requests">
          <metrics complexity="4" methods="3" coveredmethods="3" conditionals="0" coveredconditionals="0" statements="38" coveredstatements="38" elements="41" coveredelements="41"/>
        </class>
        <line num="14" type="method" name="authorize" visibility="public" complexity="2" crap="2" count="1"/>
        <line num="16" type="stmt" count="1"/>
        <line num="24" type="method" name="rules" visibility="public" complexity="1" crap="1" count="1"/>
        <line num="26" type="stmt" count="1"/>
        <line num="27" type="stmt" count="1"/>
        <line num="28" type="stmt" count="1"/>
        <line num="29" type="stmt" count="1"/>
        <line num="30" type="stmt" count="1"/>
        <line num="31" type="stmt" count="1"/>
        <line num="32" type="stmt" count="1"/>
        <line num="33" type="stmt" count="1"/>
        <line num="34" type="stmt" count="1"/>
        <line num="35" type="stmt" count="1"/>
        <line num="36" type="stmt" count="1"/>
        <line num="37" type="stmt" count="1"/>
        <line num="38" type="stmt" count="1"/>
        <line num="39" type="stmt" count="1"/>
        <line num="40" type="stmt" count="1"/>
        <line num="41" type="stmt" count="1"/>
        <line num="42" type="stmt" count="1"/>
        <line num="43" type="stmt" count="1"/>
        <line num="44" type="stmt" count="1"/>
        <line num="45" type="stmt" count="1"/>
        <line num="51" type="method" name="validatedFilters" visibility="public" complexity="1" crap="1" count="1"/>
        <line num="53" type="stmt" count="1"/>
        <line num="54" type="stmt" count="1"/>
        <line num="55" type="stmt" count="1"/>
        <line num="56" type="stmt" count="1"/>
        <line num="57" type="stmt" count="1"/>
        <line num="58" type="stmt" count="1"/>
        <line num="59" type="stmt" count="1"/>
        <line num="60" type="stmt" count="1"/>
        <line num="61" type="stmt" count="1"/>
        <line num="62" type="stmt" count="1"/>
        <line num="63" type="stmt" count="1"/>
        <line num="64" type="stmt" count="1"/>
        <line num="65" type="stmt" count="1"/>
        <line num="66" type="stmt" count="1"/>
        <line num="67" type="stmt" count="1"/>
        <line num="68" type="stmt" count="1"/>
        <line num="69" type="stmt" count="1"/>
        <metrics loc="72" ncloc="61" classes="1" methods="3" coveredmethods="3" conditionals="0" coveredconditionals="0" statements="38" coveredstatements="38" elements="41" coveredelements="41"/>
      </file>
      <file name="D:\GitHub\billet-jo\app\Http\Requests\TicketScanRequest.php">
        <class name="App\Http\Requests\TicketScanRequest" namespace="App\Http\Requests">
          <metrics complexity="3" methods="2" coveredmethods="2" conditionals="0" coveredconditionals="0" statements="4" coveredstatements="4" elements="6" coveredelements="6"/>
        </class>
        <line num="12" type="method" name="authorize" visibility="public" complexity="2" crap="2" count="1"/>
        <line num="14" type="stmt" count="1"/>
        <line num="22" type="method" name="rules" visibility="public" complexity="1" crap="1" count="1"/>
        <line num="24" type="stmt" count="1"/>
        <line num="25" type="stmt" count="1"/>
        <line num="26" type="stmt" count="1"/>
        <metrics loc="29" ncloc="21" classes="1" methods="2" coveredmethods="2" conditionals="0" coveredconditionals="0" statements="4" coveredstatements="4" elements="6" coveredelements="6"/>
      </file>
      <file name="D:\GitHub\billet-jo\app\Http\Requests\TicketStatusRequest.php">
        <class name="App\Http\Requests\TicketStatusRequest" namespace="App\Http\Requests">
          <metrics complexity="4" methods="3" coveredmethods="3" conditionals="0" coveredconditionals="0" statements="8" coveredstatements="8" elements="11" coveredelements="11"/>
        </class>
        <line num="14" type="method" name="authorize" visibility="public" complexity="2" crap="2" count="3"/>
        <line num="16" type="stmt" count="3"/>
        <line num="24" type="method" name="rules" visibility="public" complexity="1" crap="1" count="2"/>
        <line num="26" type="stmt" count="2"/>
        <line num="27" type="stmt" count="2"/>
        <line num="28" type="stmt" count="2"/>
        <line num="29" type="stmt" count="2"/>
        <line num="30" type="stmt" count="2"/>
        <line num="31" type="stmt" count="2"/>
        <line num="39" type="method" name="validatedStatus" visibility="public" complexity="1" crap="1" count="1"/>
        <line num="41" type="stmt" count="1"/>
        <metrics loc="44" ncloc="31" classes="1" methods="3" coveredmethods="3" conditionals="0" coveredconditionals="0" statements="8" coveredstatements="8" elements="11" coveredelements="11"/>
      </file>
      <file name="D:\GitHub\billet-jo\app\Http\Requests\TicketStoreRequest.php">
        <class name="App\Http\Requests\TicketStoreRequest" namespace="App\Http\Requests">
          <metrics complexity="4" methods="3" coveredmethods="3" conditionals="0" coveredconditionals="0" statements="16" coveredstatements="16" elements="19" coveredelements="19"/>
        </class>
        <line num="12" type="method" name="authorize" visibility="public" complexity="1" crap="1" count="2"/>
        <line num="14" type="stmt" count="2"/>
        <line num="22" type="method" name="rules" visibility="public" complexity="2" crap="2" count="5"/>
        <line num="24" type="stmt" count="5"/>
        <line num="25" type="stmt" count="5"/>
        <line num="26" type="stmt" count="5"/>
        <line num="27" type="stmt" count="5"/>
        <line num="29" type="stmt" count="5"/>
        <line num="30" type="stmt" count="4"/>
        <line num="31" type="stmt" count="4"/>
        <line num="32" type="stmt" count="4"/>
        <line num="33" type="stmt" count="4"/>
        <line num="35" type="stmt" count="4"/>
        <line num="36" type="stmt" count="2"/>
        <line num="38" type="stmt" count="5"/>
        <line num="39" type="stmt" count="5"/>
        <line num="40" type="stmt" count="5"/>
        <line num="48" type="method" name="validatedUuid" visibility="public" complexity="1" crap="1" count="1"/>
        <line num="50" type="stmt" count="1"/>
        <metrics loc="53" ncloc="39" classes="1" methods="3" coveredmethods="3" conditionals="0" coveredconditionals="0" statements="16" coveredstatements="16" elements="19" coveredelements="19"/>
      </file>
      <file name="D:\GitHub\billet-jo\app\Http\Requests\TicketUserRequest.php">
        <class name="App\Http\Requests\TicketUserRequest" namespace="App\Http\Requests">
          <metrics complexity="3" methods="3" coveredmethods="3" conditionals="0" coveredconditionals="0" statements="11" coveredstatements="11" elements="14" coveredelements="14"/>
        </class>
        <line num="12" type="method" name="authorize" visibility="public" complexity="1" crap="1" count="1"/>
        <line num="14" type="stmt" count="1"/>
        <line num="22" type="method" name="rules" visibility="public" complexity="1" crap="1" count="1"/>
        <line num="24" type="stmt" count="1"/>
        <line num="25" type="stmt" count="1"/>
        <line num="26" type="stmt" count="1"/>
        <line num="27" type="stmt" count="1"/>
        <line num="28" type="stmt" count="1"/>
        <line num="29" type="stmt" count="1"/>
        <line num="30" type="stmt" count="1"/>
        <line num="38" type="method" name="validatedFilters" visibility="public" complexity="1" crap="1" count="1"/>
        <line num="40" type="stmt" count="1"/>
        <line num="41" type="stmt" count="1"/>
        <line num="42" type="stmt" count="1"/>
        <metrics loc="45" ncloc="32" classes="1" methods="3" coveredmethods="3" conditionals="0" coveredconditionals="0" statements="11" coveredstatements="11" elements="14" coveredelements="14"/>
      </file>
      <file name="D:\GitHub\billet-jo\app\Http\Requests\UpdateCartItemRequest.php">
        <class name="App\Http\Requests\UpdateCartItemRequest" namespace="App\Http\Requests">
          <metrics complexity="3" methods="3" coveredmethods="3" conditionals="0" coveredconditionals="0" statements="7" coveredstatements="7" elements="10" coveredelements="10"/>
        </class>
        <line num="12" type="method" name="authorize" visibility="public" complexity="1" crap="1" count="3"/>
        <line num="14" type="stmt" count="3"/>
        <line num="22" type="method" name="rules" visibility="public" complexity="1" crap="1" count="3"/>
        <line num="24" type="stmt" count="3"/>
        <line num="26" type="stmt" count="3"/>
        <line num="27" type="stmt" count="3"/>
        <line num="30" type="method" name="messages" visibility="public" complexity="1" crap="1" count="3"/>
        <line num="32" type="stmt" count="3"/>
        <line num="33" type="stmt" count="3"/>
        <line num="34" type="stmt" count="3"/>
        <metrics loc="37" ncloc="28" classes="1" methods="3" coveredmethods="3" conditionals="0" coveredconditionals="0" statements="7" coveredstatements="7" elements="10" coveredelements="10"/>
      </file>
      <file name="D:\GitHub\billet-jo\app\Http\Requests\UpdateProductPricingRequest.php">
        <class name="App\Http\Requests\UpdateProductPricingRequest" namespace="App\Http\Requests">
          <metrics complexity="3" methods="2" coveredmethods="2" conditionals="0" coveredconditionals="0" statements="6" coveredstatements="6" elements="8" coveredelements="8"/>
        </class>
        <line num="12" type="method" name="authorize" visibility="public" complexity="2" crap="2" count="1"/>
        <line num="14" type="stmt" count="1"/>
        <line num="22" type="method" name="rules" visibility="public" complexity="1" crap="1" count="1"/>
        <line num="24" type="stmt" count="1"/>
        <line num="25" type="stmt" count="1"/>
        <line num="26" type="stmt" count="1"/>
        <line num="27" type="stmt" count="1"/>
        <line num="28" type="stmt" count="1"/>
        <metrics loc="31" ncloc="23" classes="1" methods="2" coveredmethods="2" conditionals="0" coveredconditionals="0" statements="6" coveredstatements="6" elements="8" coveredelements="8"/>
      </file>
      <file name="D:\GitHub\billet-jo\app\Http\Requests\UpdateUserNameRequest.php">
        <class name="App\Http\Requests\UpdateUserNameRequest" namespace="App\Http\Requests">
          <metrics complexity="2" methods="2" coveredmethods="2" conditionals="0" coveredconditionals="0" statements="5" coveredstatements="5" elements="7" coveredelements="7"/>
        </class>
        <line num="9" type="method" name="authorize" visibility="public" complexity="1" crap="1" count="2"/>
        <line num="11" type="stmt" count="2"/>
        <line num="14" type="method" name="rules" visibility="public" complexity="1" crap="1" count="2"/>
        <line num="16" type="stmt" count="2"/>
        <line num="17" type="stmt" count="2"/>
        <line num="18" type="stmt" count="2"/>
        <line num="19" type="stmt" count="2"/>
        <metrics loc="23" ncloc="23" classes="1" methods="2" coveredmethods="2" conditionals="0" coveredconditionals="0" statements="5" coveredstatements="5" elements="7" coveredelements="7"/>
      </file>
    </package>
    <package name="App\Http\Requests\Auth">
      <file name="D:\GitHub\billet-jo\app\Http\Requests\Auth\DisableTwoFactorRequest.php">
        <class name="App\Http\Requests\Auth\DisableTwoFactorRequest" namespace="App\Http\Requests\Auth">
          <metrics complexity="2" methods="2" coveredmethods="2" conditionals="0" coveredconditionals="0" statements="4" coveredstatements="4" elements="6" coveredelements="6"/>
        </class>
        <line num="12" type="method" name="authorize" visibility="public" complexity="1" crap="1" count="1"/>
        <line num="14" type="stmt" count="1"/>
        <line num="22" type="method" name="rules" visibility="public" complexity="1" crap="1" count="1"/>
        <line num="24" type="stmt" count="1"/>
        <line num="25" type="stmt" count="1"/>
        <line num="26" type="stmt" count="1"/>
[...]
      </file>
      <file name="D:\GitHub\billet-jo\app\Services\ProductManagementService.php">
        <class name="App\Services\ProductManagementService" namespace="App\Services">
          <metrics complexity="5" methods="3" coveredmethods="3" conditionals="0" coveredconditionals="0" statements="35" coveredstatements="35" elements="38" coveredelements="38"/>
        </class>
        <line num="15" type="method" name="create" visibility="public" complexity="2" crap="2" count="2"/>
        <line num="18" type="stmt" count="2"/>
        <line num="19" type="stmt" count="2"/>
        <line num="20" type="stmt" count="2"/>
        <line num="21" type="stmt" count="2"/>
        <line num="22" type="stmt" count="2"/>
        <line num="23" type="stmt" count="2"/>
        <line num="24" type="stmt" count="2"/>
        <line num="27" type="stmt" count="2"/>
        <line num="28" type="stmt" count="2"/>
        <line num="29" type="stmt" count="2"/>
        <line num="30" type="stmt" count="2"/>
        <line num="31" type="stmt" count="2"/>
        <line num="32" type="stmt" count="2"/>
        <line num="33" type="stmt" count="2"/>
        <line num="36" type="stmt" count="2"/>
        <line num="46" type="method" name="update" visibility="public" complexity="2" crap="2" count="1"/>
        <line num="49" type="stmt" count="1"/>
        <line num="50" type="stmt" count="1"/>
        <line num="51" type="stmt" count="1"/>
        <line num="52" type="stmt" count="1"/>
        <line num="53" type="stmt" count="1"/>
        <line num="54" type="stmt" count="1"/>
        <line num="55" type="stmt" count="1"/>
        <line num="56" type="stmt" count="1"/>
        <line num="59" type="stmt" count="1"/>
        <line num="60" type="stmt" count="1"/>
        <line num="61" type="stmt" count="1"/>
        <line num="62" type="stmt" count="1"/>
        <line num="63" type="stmt" count="1"/>
        <line num="64" type="stmt" count="1"/>
        <line num="65" type="stmt" count="1"/>
        <line num="66" type="stmt" count="1"/>
        <line num="67" type="stmt" count="1"/>
        <line num="70" type="stmt" count="1"/>
        <line num="80" type="method" name="updatePricing" visibility="public" complexity="1" crap="1" count="2"/>
        <line num="82" type="stmt" count="2"/>
        <line num="84" type="stmt" count="2"/>
        <metrics loc="87" ncloc="63" classes="1" methods="3" coveredmethods="3" conditionals="0" coveredconditionals="0" statements="35" coveredstatements="35" elements="38" coveredelements="38"/>
      </file>
      <file name="D:\GitHub\billet-jo\app\Services\TicketService.php">
        <class name="App\Services\TicketService" namespace="App\Services">
          <metrics complexity="23" methods="7" coveredmethods="7" conditionals="0" coveredconditionals="0" statements="185" coveredstatements="185" elements="192" coveredelements="192"/>
        </class>
        <line num="34" type="method" name="getFilteredTickets" visibility="public" complexity="9" crap="9" count="8"/>
        <line num="36" type="stmt" count="8"/>
        <line num="39" type="stmt" count="8"/>
        <line num="40" type="stmt" count="1"/>
        <line num="41" type="stmt" count="1"/>
        <line num="42" type="stmt" count="1"/>
        <line num="43" type="stmt" count="1"/>
        <line num="44" type="stmt" count="1"/>
        <line num="45" type="stmt" count="1"/>
        <line num="49" type="stmt" count="8"/>
        <line num="50" type="stmt" count="2"/>
        <line num="52" type="stmt" count="8"/>
        <line num="53" type="stmt" count="1"/>
        <line num="54" type="stmt" count="8"/>
        <line num="55" type="stmt" count="1"/>
        <line num="56" type="stmt" count="1"/>
        <line num="57" type="stmt" count="1"/>
        <line num="59" type="stmt" count="8"/>
        <line num="60" type="stmt" count="1"/>
        <line num="62" type="stmt" count="8"/>
        <line num="63" type="stmt" count="1"/>
        <line num="64" type="stmt" count="1"/>
        <line num="65" type="stmt" count="1"/>
        <line num="66" type="stmt" count="1"/>
        <line num="67" type="stmt" count="1"/>
        <line num="68" type="stmt" count="1"/>
        <line num="72" type="stmt" count="8"/>
        <line num="73" type="stmt" count="8"/>
        <line num="74" type="stmt" count="8"/>
        <line num="75" type="stmt" count="1"/>
        <line num="77" type="stmt" count="8"/>
        <line num="78" type="stmt" count="1"/>
        <line num="80" type="stmt" count="8"/>
        <line num="81" type="stmt" count="8"/>
        <line num="82" type="stmt" count="8"/>
        <line num="83" type="stmt" count="8"/>
        <line num="84" type="stmt" count="8"/>
        <line num="85" type="stmt" count="8"/>
        <line num="88" type="stmt" count="8"/>
        <line num="89" type="stmt" count="8"/>
        <line num="90" type="stmt" count="8"/>
        <line num="91" type="stmt" count="8"/>
        <line num="92" type="stmt" count="8"/>
        <line num="101" type="method" name="getUserTickets" visibility="public" complexity="4" crap="4" count="5"/>
        <line num="103" type="stmt" count="5"/>
        <line num="104" type="stmt" count="5"/>
        <line num="107" type="stmt" count="5"/>
        <line num="108" type="stmt" count="1"/>
        <line num="110" type="stmt" count="1"/>
        <line num="114" type="stmt" count="5"/>
        <line num="115" type="stmt" count="2"/>
        <line num="116" type="stmt" count="2"/>
        <line num="117" type="stmt" count="2"/>
        <line num="118" type="stmt" count="2"/>
        <line num="119" type="stmt" count="2"/>
        <line num="121" type="stmt" count="5"/>
        <line num="122" type="stmt" count="2"/>
        <line num="123" type="stmt" count="2"/>
        <line num="124" type="stmt" count="2"/>
        <line num="125" type="stmt" count="2"/>
        <line num="126" type="stmt" count="2"/>
        <line num="129" type="stmt" count="5"/>
        <line num="131" type="stmt" count="5"/>
        <line num="132" type="stmt" count="5"/>
        <line num="133" type="stmt" count="5"/>
        <line num="136" type="method" name="generateForPaymentUuid" visibility="public" complexity="3" crap="3" count="1"/>
        <line num="138" type="stmt" count="1"/>
        <line num="139" type="stmt" count="1"/>
        <line num="140" type="stmt" count="1"/>
        <line num="142" type="stmt" count="1"/>
        <line num="143" type="stmt" count="1"/>
        <line num="145" type="stmt" count="1"/>
        <line num="147" type="stmt" count="1"/>
        <line num="148" type="stmt" count="1"/>
        <line num="149" type="stmt" count="1"/>
        <line num="151" type="stmt" count="1"/>
        <line num="153" type="stmt" count="1"/>
        <line num="155" type="stmt" count="1"/>
        <line num="157" type="stmt" count="1"/>
        <line num="158" type="stmt" count="1"/>
        <line num="159" type="stmt" count="1"/>
        <line num="160" type="stmt" count="1"/>
        <line num="163" type="stmt" count="1"/>
        <line num="164" type="stmt" count="1"/>
        <line num="165" type="stmt" count="1"/>
        <line num="166" type="stmt" count="1"/>
        <line num="167" type="stmt" count="1"/>
        <line num="168" type="stmt" count="1"/>
        <line num="169" type="stmt" count="1"/>
        <line num="170" type="stmt" count="1"/>
        <line num="172" type="stmt" count="1"/>
        <line num="175" type="stmt" count="1"/>
        <line num="176" type="stmt" count="1"/>
        <line num="178" type="stmt" count="1"/>
        <line num="179" type="stmt" count="1"/>
        <line num="180" type="stmt" count="1"/>
        <line num="181" type="stmt" count="1"/>
        <line num="182" type="stmt" count="1"/>
        <line num="183" type="stmt" count="1"/>
        <line num="184" type="stmt" count="1"/>
        <line num="185" type="stmt" count="1"/>
        <line num="188" type="stmt" count="1"/>
        <line num="189" type="stmt" count="1"/>
        <line num="190" type="stmt" count="1"/>
        <line num="191" type="stmt" count="1"/>
        <line num="192" type="stmt" count="1"/>
        <line num="193" type="stmt" count="1"/>
        <line num="194" type="stmt" count="1"/>
        <line num="195" type="stmt" count="1"/>
        <line num="196" type="stmt" count="1"/>
        <line num="197" type="stmt" count="1"/>
        <line num="200" type="stmt" count="1"/>
        <line num="203" type="stmt" count="1"/>
        <line num="204" type="stmt" count="1"/>
        <line num="214" type="method" name="changeStatus" visibility="public" complexity="2" crap="2" count="2"/>
        <line num="216" type="stmt" count="2"/>
        <line num="217" type="stmt" count="2"/>
        <line num="219" type="stmt" count="2"/>
        <line num="220" type="stmt" count="2"/>
        <line num="221" type="stmt" count="2"/>
        <line num="222" type="stmt" count="2"/>
        <line num="223" type="stmt" count="2"/>
        <line num="224" type="stmt" count="2"/>
        <line num="226" type="stmt" count="2"/>
        <line num="228" type="stmt" count="2"/>
        <line num="230" type="stmt" count="2"/>
        <line num="233" type="stmt" count="2"/>
        <line num="234" type="stmt" count="1"/>
        <line num="236" type="stmt" count="2"/>
        <line num="238" type="stmt" count="2"/>
        <line num="248" type="method" name="createFreeTickets" visibility="public" complexity="1" crap="1" count="1"/>
        <line num="250" type="stmt" count="1"/>
        <line num="251" type="stmt" count="1"/>
        <line num="253" type="stmt" count="1"/>
        <line num="255" type="stmt" count="1"/>
        <line num="256" type="stmt" count="1"/>
        <line num="257" type="stmt" count="1"/>
        <line num="258" type="stmt" count="1"/>
        <line num="259" type="stmt" count="1"/>
        <line num="260" type="stmt" count="1"/>
        <line num="261" type="stmt" count="1"/>
        <line num="262" type="stmt" count="1"/>
        <line num="263" type="stmt" count="1"/>
        <line num="264" type="stmt" count="1"/>
        <line num="267" type="stmt" count="1"/>
        <line num="269" type="stmt" count="1"/>
        <line num="270" type="stmt" count="1"/>
        <line num="271" type="stmt" count="1"/>
        <line num="272" type="stmt" count="1"/>
        <line num="273" type="stmt" count="1"/>
        <line num="274" type="stmt" count="1"/>
        <line num="275" type="stmt" count="1"/>
        <line num="276" type="stmt" count="1"/>
        <line num="277" type="stmt" count="1"/>
        <line num="280" type="stmt" count="1"/>
        <line num="283" type="stmt" count="1"/>
        <line num="292" type="method" name="scanAndValidate" visibility="public" complexity="2" crap="2" count="1"/>
        <line num="294" type="stmt" count="1"/>
        <line num="295" type="stmt" count="1"/>
        <line num="296" type="stmt" count="1"/>
        <line num="298" type="stmt" count="1"/>
        <line num="299" type="stmt" count="1"/>
        <line num="302" type="stmt" count="1"/>
        <line num="303" type="stmt" count="1"/>
        <line num="304" type="stmt" count="1"/>
        <line num="305" type="stmt" count="1"/>
        <line num="307" type="stmt" count="1"/>
        <line num="308" type="stmt" count="1"/>
        <line num="309" type="stmt" count="1"/>
        <line num="310" type="stmt" count="1"/>
        <line num="311" type="stmt" count="1"/>
        <line num="312" type="stmt" count="1"/>
        <line num="313" type="stmt" count="1"/>
        <line num="314" type="stmt" count="1"/>
        <line num="315" type="stmt" count="1"/>
        <line num="316" type="stmt" count="1"/>
        <line num="317" type="stmt" count="1"/>
        <line num="318" type="stmt" count="1"/>
        <line num="319" type="stmt" count="1"/>
        <line num="327" type="method" name="getSalesStats" visibility="public" complexity="2" crap="2" count="3"/>
        <line num="329" type="stmt" count="3"/>
        <line num="330" type="stmt" count="3"/>
        <line num="331" type="stmt" count="3"/>
        <line num="332" type="stmt" count="3"/>
        <line num="333" type="stmt" count="3"/>
        <line num="335" type="stmt" count="3"/>
        <line num="336" type="stmt" count="1"/>
        <line num="340" type="stmt" count="3"/>
        <line num="341" type="stmt" count="3"/>
        <line num="342" type="stmt" count="3"/>
        <line num="344" type="stmt" count="3"/>
        <line num="346" type="stmt" count="3"/>
        <metrics loc="349" ncloc="293" classes="1" methods="7" coveredmethods="7" conditionals="0" coveredconditionals="0" statements="185" coveredstatements="185" elements="192" coveredelements="192"/>
      </file>
      <file name="D:\GitHub\billet-jo\app\Services\UserService.php">
        <class name="App\Services\UserService" namespace="App\Services">
          <metrics complexity="25" methods="7" coveredmethods="7" conditionals="0" coveredconditionals="0" statements="83" coveredstatements="83" elements="90" coveredelements="90"/>
        </class>
        <line num="22" type="method" name="listAllUsers" visibility="public" complexity="6" crap="6" count="8"/>
        <line num="24" type="stmt" count="8"/>
        <line num="25" type="stmt" count="2"/>
        <line num="28" type="stmt" count="6"/>
        <line num="29" type="stmt" count="6"/>
        <line num="30" type="stmt" count="6"/>
        <line num="31" type="stmt" count="6"/>
        <line num="32" type="stmt" count="6"/>
        <line num="34" type="stmt" count="6"/>
        <line num="35" type="stmt" count="1"/>
        <line num="37" type="stmt" count="6"/>
        <line num="38" type="stmt" count="1"/>
        <line num="40" type="stmt" count="6"/>
        <line num="41" type="stmt" count="1"/>
        <line num="43" type="stmt" count="6"/>
        <line num="44" type="stmt" count="1"/>
        <line num="47" type="stmt" count="6"/>
        <line num="48" type="stmt" count="6"/>
        <line num="60" type="method" name="getUserInfo" visibility="public" complexity="3" crap="3" count="2"/>
        <line num="62" type="stmt" count="2"/>
        <line num="63" type="stmt" count="1"/>
        <line num="66" type="stmt" count="1"/>
        <line num="67" type="stmt" count="1"/>
        <line num="68" type="stmt" count="1"/>
        <line num="69" type="stmt" count="1"/>
        <line num="70" type="stmt" count="1"/>
        <line num="82" type="method" name="updateName" visibility="public" complexity="1" crap="1" count="1"/>
        <line num="84" type="stmt" count="1"/>
        <line num="85" type="stmt" count="1"/>
        <line num="86" type="stmt" count="1"/>
        <line num="87" type="stmt" count="1"/>
        <line num="89" type="stmt" count="1"/>
        <line num="90" type="stmt" count="1"/>
        <line num="91" type="stmt" count="1"/>
        <line num="92" type="stmt" count="1"/>
        <line num="105" type="method" name="updateUserByAdmin" visibility="public" complexity="9" crap="9" count="7"/>
        <line num="107" type="stmt" count="7"/>
        <line num="108" type="stmt" count="2"/>
        <line num="112" type="stmt" count="5"/>
        <line num="113" type="stmt" count="1"/>
        <line num="116" type="stmt" count="5"/>
        <line num="118" type="stmt" count="1"/>
        <line num="119" type="stmt" count="1"/>
        <line num="120" type="stmt" count="1"/>
        <line num="124" type="stmt" count="5"/>
        <line num="125" type="stmt" count="2"/>
        <line num="128" type="stmt" count="5"/>
        <line num="129" type="stmt" count="5"/>
        <line num="130" type="stmt" count="1"/>
        <line num="134" type="stmt" count="5"/>
        <line num="136" type="stmt" count="5"/>
        <line num="137" type="stmt" count="5"/>
        <line num="138" type="stmt" count="5"/>
        <line num="139" type="stmt" count="5"/>
        <line num="140" type="stmt" count="5"/>
        <line num="141" type="stmt" count="5"/>
        <line num="142" type="stmt" count="5"/>
        <line num="143" type="stmt" count="5"/>
        <line num="144" type="stmt" count="5"/>
        <line num="156" type="method" name="checkEmailUpdate" visibility="public" complexity="3" crap="3" count="1"/>
        <line num="158" type="stmt" count="1"/>
        <line num="159" type="stmt" count="1"/>
        <line num="162" type="stmt" count="1"/>
        <line num="163" type="stmt" count="1"/>
        <line num="164" type="stmt" count="1"/>
        <line num="167" type="stmt" count="1"/>
        <line num="168" type="stmt" count="1"/>
        <line num="169" type="stmt" count="1"/>
        <line num="170" type="stmt" count="1"/>
        <line num="171" type="stmt" count="1"/>
        <line num="172" type="stmt" count="1"/>
        <line num="184" type="method" name="createEmployee" visibility="public" complexity="2" crap="2" count="1"/>
        <line num="186" type="stmt" count="1"/>
        <line num="187" type="stmt" count="1"/>
        <line num="190" type="stmt" count="1"/>
        <line num="191" type="stmt" count="1"/>
        <line num="192" type="stmt" count="1"/>
        <line num="193" type="stmt" count="1"/>
        <line num="194" type="stmt" count="1"/>
        <line num="195" type="stmt" count="1"/>
        <line num="196" type="stmt" count="1"/>
        <line num="197" type="stmt" count="1"/>
        <line num="198" type="stmt" count="1"/>
        <line num="207" type="method" name="getSelfInfo" visibility="public" complexity="1" crap="1" count="1"/>
        <line num="209" type="stmt" count="1"/>
        <line num="210" type="stmt" count="1"/>
        <line num="211" type="stmt" count="1"/>
        <line num="212" type="stmt" count="1"/>
        <line num="213" type="stmt" count="1"/>
        <line num="214" type="stmt" count="1"/>
        <metrics loc="217" ncloc="156" classes="1" methods="7" coveredmethods="7" conditionals="0" coveredconditionals="0" statements="83" coveredstatements="83" elements="90" coveredelements="90"/>
      </file>
    </package>
    <package name="App\Swagger">
      <file name="D:\GitHub\billet-jo\app\Swagger\Info.php">
        <class name="App\Swagger\Info" namespace="App\Swagger">
          <metrics complexity="0" methods="0" coveredmethods="0" conditionals="0" coveredconditionals="0" statements="0" coveredstatements="0" elements="0" coveredelements="0"/>
        </class>
        <metrics loc="283" ncloc="6" classes="0" methods="0" coveredmethods="0" conditionals="0" coveredconditionals="0" statements="0" coveredstatements="0" elements="0" coveredelements="0"/>
      </file>
    </package>
    <package name="App\Traits">
      <file name="D:\GitHub\billet-jo\app\Traits\HasUuid.php">
        <class name="App\Traits\HasUuid" namespace="App\Traits">
          <metrics complexity="2" methods="1" coveredmethods="1" conditionals="0" coveredconditionals="0" statements="4" coveredstatements="4" elements="5" coveredelements="5"/>
        </class>
        <line num="9" type="method" name="bootHasUuid" visibility="protected" complexity="2" crap="2" count="85"/>
        <line num="11" type="stmt" count="85"/>
        <line num="12" type="stmt" count="78"/>
        <line num="13" type="stmt" count="1"/>
        <line num="15" type="stmt" count="85"/>
        <metrics loc="18" ncloc="18" classes="1" methods="1" coveredmethods="1" conditionals="0" coveredconditionals="0" statements="4" coveredstatements="4" elements="5" coveredelements="5"/>
      </file>
    </package>
    <metrics files="92" loc="9516" ncloc="4883" classes="87" methods="266" coveredmethods="266" conditionals="0" coveredconditionals="0" statements="2090" coveredstatements="2090" elements="2356" coveredelements="2356"/>
  </project>
</coverage>
